<?xml version="1.0" encoding="UTF-8"?>
<!-- Generated by org.testng.reporters.JUnitReportReporter -->
<testsuite hostname="DESKTOP-IAMN1KL" failures="0" tests="3" name="runner.CucumberRunnerTests" time="124.186" errors="0" timestamp="2025-09-10T19:55:21 IST" skipped="0">
  <testcase classname="runner.CucumberRunnerTests" name="runScenario" time="50.424"/>
  <system-out/>
  <testcase classname="runner.CucumberRunnerTests" name="runScenario" time="36.276"/>
  <system-out/>
  <testcase classname="runner.CucumberRunnerTests" name="runScenario" time="37.486"/>
  <system-out/>
</testsuite> <!-- runner.CucumberRunnerTests -->
